Drill report for e1-phone-mainboard-routed.kicad_pcb
Created on 2026-06-02T04:04:41-0700

Copper Layer Stackup:
    =============================================================
    L1 :  F.Cu                      front
    L2 :  In1.Cu                    in1
    L3 :  In2.Cu                    in2
    L4 :  In3.Cu                    in3
    L5 :  In4.Cu                    in4
    L6 :  In5.Cu                    in5
    L7 :  In6.Cu                    in6
    L8 :  In7.Cu                    in7
    L9 :  In8.Cu                    in8
    L10:  B.Cu                      back


Drill file 'e1-phone-mainboard-routed.drl' contains
    plated through holes:
    =============================================================
    T1  0.150mm  0.0059"  (2 holes)
    T2  0.180mm  0.0071"  (6 holes)
    T3  0.200mm  0.0079"  (12 holes)
    T4  0.250mm  0.0098"  (4 holes)

    Total plated holes count 24


Not plated through holes are merged with plated holes
    unplated through holes:
    =============================================================
    T5  1.200mm  0.0472"  (4 holes)

    Total unplated holes count 4
