
fw/bare-metal/e1-cva6-dram-boot/build/boot.elf:     file format elf64-littleriscv


Disassembly of section .text:

0000000080000000 <_start>:
    80000000:	30401073          	csrw	mie,zero
    80000004:	34401073          	csrw	mip,zero
    80000008:	00000297          	auipc	t0,0x0
    8000000c:	0e828293          	addi	t0,t0,232 # 800000f0 <trap_vector>
    80000010:	30529073          	csrw	mtvec,t0
    80000014:	0010011b          	addiw	sp,zero,1
    80000018:	01f11113          	slli	sp,sp,0x1f
    8000001c:	000042b7          	lui	t0,0x4
    80000020:	ff02829b          	addiw	t0,t0,-16 # 3ff0 <MIE_MTIE+0x3f70>
    80000024:	00510133          	add	sp,sp,t0
    80000028:	00040337          	lui	t1,0x40
    8000002c:	0013031b          	addiw	t1,t1,1 # 40001 <MIE_MTIE+0x3ff81>
    80000030:	00d31313          	slli	t1,t1,0xd
    80000034:	112233b7          	lui	t2,0x11223
    80000038:	3443839b          	addiw	t2,t2,836 # 11223344 <CLINT_MTIME+0xf21734c>
    8000003c:	02039393          	slli	t2,t2,0x20
    80000040:	55667e37          	lui	t3,0x55667
    80000044:	788e0e1b          	addiw	t3,t3,1928 # 55667788 <CLINT_MTIME+0x5365b790>
    80000048:	01c3e3b3          	or	t2,t2,t3
    8000004c:	00733023          	sd	t2,0(t1)
    80000050:	00033e83          	ld	t4,0(t1)
    80000054:	01d33423          	sd	t4,8(t1)
    80000058:	00033823          	sd	zero,16(t1)
    8000005c:	00033c23          	sd	zero,24(t1)
    80000060:	02033023          	sd	zero,32(t1)
    80000064:	0200c2b7          	lui	t0,0x200c
    80000068:	ff82829b          	addiw	t0,t0,-8 # 200bff8 <CLINT_MTIME>
    8000006c:	0002a383          	lw	t2,0(t0)
    80000070:	0042ae03          	lw	t3,4(t0)
    80000074:	00001eb7          	lui	t4,0x1
    80000078:	01d383b3          	add	t2,t2,t4
    8000007c:	020042b7          	lui	t0,0x2004
    80000080:	01c2a223          	sw	t3,4(t0) # 2004004 <CLINT_MTIMECMP+0x4>
    80000084:	0072a023          	sw	t2,0(t0)
    80000088:	08000293          	li	t0,128
    8000008c:	30429073          	csrw	mie,t0
    80000090:	00800293          	li	t0,8
    80000094:	3002a073          	csrs	mstatus,t0
    80000098:	00040f37          	lui	t5,0x40
    8000009c:	001f0f1b          	addiw	t5,t5,1 # 40001 <MIE_MTIE+0x3ff81>
    800000a0:	00df1f13          	slli	t5,t5,0xd

00000000800000a4 <wait_trap>:
    800000a4:	010f3f83          	ld	t6,16(t5)
    800000a8:	fe0f8ee3          	beqz	t6,800000a4 <wait_trap>
    800000ac:	00040337          	lui	t1,0x40
    800000b0:	0013031b          	addiw	t1,t1,1 # 40001 <MIE_MTIE+0x3ff81>
    800000b4:	00d31313          	slli	t1,t1,0xd
    800000b8:	4f2d53b7          	lui	t2,0x4f2d5
    800000bc:	44f3839b          	addiw	t2,t2,1103 # 4f2d544f <CLINT_MTIME+0x4d2c9457>
    800000c0:	02039393          	slli	t2,t2,0x20
    800000c4:	4f423e37          	lui	t3,0x4f423
    800000c8:	145e0e1b          	addiw	t3,t3,325 # 4f423145 <CLINT_MTIME+0x4d41714d>
    800000cc:	01c3e3b3          	or	t2,t2,t3
    800000d0:	02733823          	sd	t2,48(t1)
    800000d4:	04b00393          	li	t2,75
    800000d8:	02733c23          	sd	t2,56(t1)

00000000800000dc <spin>:
    800000dc:	10500073          	wfi
    800000e0:	ffdff06f          	j	800000dc <spin>
    800000e4:	00000013          	nop
    800000e8:	00000013          	nop
    800000ec:	00000013          	nop

00000000800000f0 <trap_vector>:
    800000f0:	00040537          	lui	a0,0x40
    800000f4:	0015051b          	addiw	a0,a0,1 # 40001 <MIE_MTIE+0x3ff81>
    800000f8:	00d51513          	slli	a0,a0,0xd
    800000fc:	00100593          	li	a1,1
    80000100:	00b53823          	sd	a1,16(a0)
    80000104:	34202673          	csrr	a2,mcause
    80000108:	00c53c23          	sd	a2,24(a0)
    8000010c:	341026f3          	csrr	a3,mepc
    80000110:	02d53023          	sd	a3,32(a0)
    80000114:	020042b7          	lui	t0,0x2004
    80000118:	fff00313          	li	t1,-1
    8000011c:	0062a023          	sw	t1,0(t0) # 2004000 <CLINT_MTIMECMP>
    80000120:	0062a223          	sw	t1,4(t0)
    80000124:	08000293          	li	t0,128
    80000128:	3042b073          	csrc	mie,t0
    8000012c:	30200073          	mret
